C:\sourceCode\acme-widget\dist\out-tsc\src\app\app.component.js
C:\sourceCode\acme-widget\dist\out-tsc\src\app\app.component.js.map
C:\sourceCode\acme-widget\dist\out-tsc\src\app\authenticate-xhr.backend.js
C:\sourceCode\acme-widget\dist\out-tsc\src\app\authenticate-xhr.backend.js.map
C:\sourceCode\acme-widget\dist\out-tsc\src\app\shared\models\registration.js
C:\sourceCode\acme-widget\dist\out-tsc\src\app\shared\models\registration.js.map
C:\sourceCode\acme-widget\dist\out-tsc\src\app\shared\utils\setting.service.js
C:\sourceCode\acme-widget\dist\out-tsc\src\app\shared\utils\setting.service.js.map
C:\sourceCode\acme-widget\dist\out-tsc\src\app\shared\services\base.service.js
C:\sourceCode\acme-widget\dist\out-tsc\src\app\shared\services\base.service.js.map
C:\sourceCode\acme-widget\dist\out-tsc\src\app\shared\services\credentials.service.js
C:\sourceCode\acme-widget\dist\out-tsc\src\app\shared\services\credentials.service.js.map
C:\sourceCode\acme-widget\dist\out-tsc\src\app\nav-bar\nav-bar.component.js
C:\sourceCode\acme-widget\dist\out-tsc\src\app\nav-bar\nav-bar.component.js.map
C:\sourceCode\acme-widget\dist\out-tsc\src\app\security\registrate\registrate.component.js
C:\sourceCode\acme-widget\dist\out-tsc\src\app\security\registrate\registrate.component.js.map
C:\sourceCode\acme-widget\dist\out-tsc\src\app\security\directives\email-validator.directive.js
C:\sourceCode\acme-widget\dist\out-tsc\src\app\security\directives\email-validator.directive.js.map
C:\sourceCode\acme-widget\dist\out-tsc\src\app\security\directives\focus.directive.js
C:\sourceCode\acme-widget\dist\out-tsc\src\app\security\directives\focus.directive.js.map
C:\sourceCode\acme-widget\dist\out-tsc\src\app\shared\models\credentials.js
C:\sourceCode\acme-widget\dist\out-tsc\src\app\shared\models\credentials.js.map
C:\sourceCode\acme-widget\dist\out-tsc\src\app\security\login\login.component.js
C:\sourceCode\acme-widget\dist\out-tsc\src\app\security\login\login.component.js.map
C:\sourceCode\acme-widget\dist\out-tsc\src\app\shared\models\signedusers.js
C:\sourceCode\acme-widget\dist\out-tsc\src\app\shared\models\signedusers.js.map
C:\sourceCode\acme-widget\dist\out-tsc\src\app\shared\services\subscribe.service.js
C:\sourceCode\acme-widget\dist\out-tsc\src\app\shared\services\subscribe.service.js.map
C:\sourceCode\acme-widget\dist\out-tsc\src\app\shared\shared.module.js
C:\sourceCode\acme-widget\dist\out-tsc\src\app\shared\shared.module.js.map
C:\sourceCode\acme-widget\dist\out-tsc\src\app\security\security.module.js
C:\sourceCode\acme-widget\dist\out-tsc\src\app\security\security.module.js.map
C:\sourceCode\acme-widget\dist\out-tsc\src\app\auth.guard.js
C:\sourceCode\acme-widget\dist\out-tsc\src\app\auth.guard.js.map
C:\sourceCode\acme-widget\dist\out-tsc\src\app\subscribe\subscription\subscription.component.js
C:\sourceCode\acme-widget\dist\out-tsc\src\app\subscribe\subscription\subscription.component.js.map
C:\sourceCode\acme-widget\dist\out-tsc\src\app\subscribe\subscribe.module.js
C:\sourceCode\acme-widget\dist\out-tsc\src\app\subscribe\subscribe.module.js.map
C:\sourceCode\acme-widget\dist\out-tsc\src\app\app.module.js
C:\sourceCode\acme-widget\dist\out-tsc\src\app\app.module.js.map
C:\sourceCode\acme-widget\dist\out-tsc\src\environments\environment.js
C:\sourceCode\acme-widget\dist\out-tsc\src\environments\environment.js.map
C:\sourceCode\acme-widget\dist\out-tsc\src\main.js
C:\sourceCode\acme-widget\dist\out-tsc\src\main.js.map
C:\sourceCode\acme-widget\dist\out-tsc\src\polyfills.js
C:\sourceCode\acme-widget\dist\out-tsc\src\polyfills.js.map
C:\sourceCode\acme-widget\dist\out-tsc\src\test.js
C:\sourceCode\acme-widget\dist\out-tsc\src\test.js.map
C:\sourceCode\acme-widget\dist\out-tsc\src\environments\environment.prod.js
C:\sourceCode\acme-widget\dist\out-tsc\src\environments\environment.prod.js.map
C:\sourceCode\acme-widget\dist\out-tsc\src\app\app.component.spec.js
C:\sourceCode\acme-widget\dist\out-tsc\src\app\app.component.spec.js.map
C:\sourceCode\acme-widget\dist\out-tsc\src\app\subscribe\subscription\subscription.component.spec.js
C:\sourceCode\acme-widget\dist\out-tsc\src\app\subscribe\subscription\subscription.component.spec.js.map
C:\sourceCode\acme-widget\dist\out-tsc\src\app\shared\utils\setting.service.spec.js
C:\sourceCode\acme-widget\dist\out-tsc\src\app\shared\utils\setting.service.spec.js.map
C:\sourceCode\acme-widget\dist\out-tsc\src\app\shared\services\base.service.spec.js
C:\sourceCode\acme-widget\dist\out-tsc\src\app\shared\services\base.service.spec.js.map
C:\sourceCode\acme-widget\dist\out-tsc\src\app\shared\services\credentials.service.spec.js
C:\sourceCode\acme-widget\dist\out-tsc\src\app\shared\services\credentials.service.spec.js.map
C:\sourceCode\acme-widget\dist\out-tsc\src\app\shared\services\subscribe.service.spec.js
C:\sourceCode\acme-widget\dist\out-tsc\src\app\shared\services\subscribe.service.spec.js.map
C:\sourceCode\acme-widget\dist\out-tsc\src\app\security\registrate\registrate.component.spec.js
C:\sourceCode\acme-widget\dist\out-tsc\src\app\security\registrate\registrate.component.spec.js.map
C:\sourceCode\acme-widget\dist\out-tsc\src\app\security\login\login.component.spec.js
C:\sourceCode\acme-widget\dist\out-tsc\src\app\security\login\login.component.spec.js.map
C:\sourceCode\acme-widget\dist\out-tsc\src\app\security\directives\email-validator.directive.spec.js
C:\sourceCode\acme-widget\dist\out-tsc\src\app\security\directives\email-validator.directive.spec.js.map
C:\sourceCode\acme-widget\dist\out-tsc\src\app\security\directives\focus.directive.spec.js
C:\sourceCode\acme-widget\dist\out-tsc\src\app\security\directives\focus.directive.spec.js.map
C:\sourceCode\acme-widget\dist\out-tsc\src\app\nav-bar\nav-bar.component.spec.js
C:\sourceCode\acme-widget\dist\out-tsc\src\app\nav-bar\nav-bar.component.spec.js.map
C:\sourceCode\acme-widget\dist\out-tsc\e2e\app.po.js
C:\sourceCode\acme-widget\dist\out-tsc\e2e\app.po.js.map
C:\sourceCode\acme-widget\dist\out-tsc\e2e\app.e2e-spec.js
C:\sourceCode\acme-widget\dist\out-tsc\e2e\app.e2e-spec.js.map
C:\sourceCode\acme-widget\dist\out-tsc\src\app\app.component.js
C:\sourceCode\acme-widget\dist\out-tsc\src\app\app.component.js.map
C:\sourceCode\acme-widget\dist\out-tsc\src\app\authenticate-xhr.backend.js
C:\sourceCode\acme-widget\dist\out-tsc\src\app\authenticate-xhr.backend.js.map
C:\sourceCode\acme-widget\dist\out-tsc\src\app\shared\models\registration.js
C:\sourceCode\acme-widget\dist\out-tsc\src\app\shared\models\registration.js.map
C:\sourceCode\acme-widget\dist\out-tsc\src\app\shared\utils\setting.service.js
C:\sourceCode\acme-widget\dist\out-tsc\src\app\shared\utils\setting.service.js.map
C:\sourceCode\acme-widget\dist\out-tsc\src\app\shared\services\base.service.js
C:\sourceCode\acme-widget\dist\out-tsc\src\app\shared\services\base.service.js.map
C:\sourceCode\acme-widget\dist\out-tsc\src\app\shared\services\credentials.service.js
C:\sourceCode\acme-widget\dist\out-tsc\src\app\shared\services\credentials.service.js.map
C:\sourceCode\acme-widget\dist\out-tsc\src\app\nav-bar\nav-bar.component.js
C:\sourceCode\acme-widget\dist\out-tsc\src\app\nav-bar\nav-bar.component.js.map
C:\sourceCode\acme-widget\dist\out-tsc\src\app\security\registrate\registrate.component.js
C:\sourceCode\acme-widget\dist\out-tsc\src\app\security\registrate\registrate.component.js.map
C:\sourceCode\acme-widget\dist\out-tsc\src\app\security\directives\email-validator.directive.js
C:\sourceCode\acme-widget\dist\out-tsc\src\app\security\directives\email-validator.directive.js.map
C:\sourceCode\acme-widget\dist\out-tsc\src\app\security\directives\focus.directive.js
C:\sourceCode\acme-widget\dist\out-tsc\src\app\security\directives\focus.directive.js.map
C:\sourceCode\acme-widget\dist\out-tsc\src\app\shared\models\credentials.js
C:\sourceCode\acme-widget\dist\out-tsc\src\app\shared\models\credentials.js.map
C:\sourceCode\acme-widget\dist\out-tsc\src\app\security\login\login.component.js
C:\sourceCode\acme-widget\dist\out-tsc\src\app\security\login\login.component.js.map
C:\sourceCode\acme-widget\dist\out-tsc\src\app\shared\models\signedusers.js
C:\sourceCode\acme-widget\dist\out-tsc\src\app\shared\models\signedusers.js.map
C:\sourceCode\acme-widget\dist\out-tsc\src\app\shared\services\subscribe.service.js
C:\sourceCode\acme-widget\dist\out-tsc\src\app\shared\services\subscribe.service.js.map
C:\sourceCode\acme-widget\dist\out-tsc\src\app\shared\shared.module.js
C:\sourceCode\acme-widget\dist\out-tsc\src\app\shared\shared.module.js.map
C:\sourceCode\acme-widget\dist\out-tsc\src\app\security\security.module.js
C:\sourceCode\acme-widget\dist\out-tsc\src\app\security\security.module.js.map
C:\sourceCode\acme-widget\dist\out-tsc\src\app\auth.guard.js
C:\sourceCode\acme-widget\dist\out-tsc\src\app\auth.guard.js.map
C:\sourceCode\acme-widget\dist\out-tsc\src\app\subscribe\subscription\subscription.component.js
C:\sourceCode\acme-widget\dist\out-tsc\src\app\subscribe\subscription\subscription.component.js.map
C:\sourceCode\acme-widget\dist\out-tsc\src\app\subscribe\subscribe.module.js
C:\sourceCode\acme-widget\dist\out-tsc\src\app\subscribe\subscribe.module.js.map
C:\sourceCode\acme-widget\dist\out-tsc\src\app\app.module.js
C:\sourceCode\acme-widget\dist\out-tsc\src\app\app.module.js.map
C:\sourceCode\acme-widget\dist\out-tsc\src\environments\environment.js
C:\sourceCode\acme-widget\dist\out-tsc\src\environments\environment.js.map
C:\sourceCode\acme-widget\dist\out-tsc\src\main.js
C:\sourceCode\acme-widget\dist\out-tsc\src\main.js.map
C:\sourceCode\acme-widget\dist\out-tsc\src\polyfills.js
C:\sourceCode\acme-widget\dist\out-tsc\src\polyfills.js.map
C:\sourceCode\acme-widget\dist\out-tsc\src\test.js
C:\sourceCode\acme-widget\dist\out-tsc\src\test.js.map
C:\sourceCode\acme-widget\dist\out-tsc\src\environments\environment.prod.js
C:\sourceCode\acme-widget\dist\out-tsc\src\environments\environment.prod.js.map
C:\sourceCode\acme-widget\dist\out-tsc\src\app\app.component.spec.js
C:\sourceCode\acme-widget\dist\out-tsc\src\app\app.component.spec.js.map
C:\sourceCode\acme-widget\dist\out-tsc\src\app\subscribe\subscription\subscription.component.spec.js
C:\sourceCode\acme-widget\dist\out-tsc\src\app\subscribe\subscription\subscription.component.spec.js.map
C:\sourceCode\acme-widget\dist\out-tsc\src\app\shared\utils\setting.service.spec.js
C:\sourceCode\acme-widget\dist\out-tsc\src\app\shared\utils\setting.service.spec.js.map
C:\sourceCode\acme-widget\dist\out-tsc\src\app\shared\services\base.service.spec.js
C:\sourceCode\acme-widget\dist\out-tsc\src\app\shared\services\base.service.spec.js.map
C:\sourceCode\acme-widget\dist\out-tsc\src\app\shared\services\credentials.service.spec.js
C:\sourceCode\acme-widget\dist\out-tsc\src\app\shared\services\credentials.service.spec.js.map
C:\sourceCode\acme-widget\dist\out-tsc\src\app\shared\services\subscribe.service.spec.js
C:\sourceCode\acme-widget\dist\out-tsc\src\app\shared\services\subscribe.service.spec.js.map
C:\sourceCode\acme-widget\dist\out-tsc\src\app\security\registrate\registrate.component.spec.js
C:\sourceCode\acme-widget\dist\out-tsc\src\app\security\registrate\registrate.component.spec.js.map
C:\sourceCode\acme-widget\dist\out-tsc\src\app\security\login\login.component.spec.js
C:\sourceCode\acme-widget\dist\out-tsc\src\app\security\login\login.component.spec.js.map
C:\sourceCode\acme-widget\dist\out-tsc\src\app\security\directives\email-validator.directive.spec.js
C:\sourceCode\acme-widget\dist\out-tsc\src\app\security\directives\email-validator.directive.spec.js.map
C:\sourceCode\acme-widget\dist\out-tsc\src\app\security\directives\focus.directive.spec.js
C:\sourceCode\acme-widget\dist\out-tsc\src\app\security\directives\focus.directive.spec.js.map
C:\sourceCode\acme-widget\dist\out-tsc\src\app\nav-bar\nav-bar.component.spec.js
C:\sourceCode\acme-widget\dist\out-tsc\src\app\nav-bar\nav-bar.component.spec.js.map
C:\sourceCode\acme-widget\dist\out-tsc\e2e\app.po.js
C:\sourceCode\acme-widget\dist\out-tsc\e2e\app.po.js.map
C:\sourceCode\acme-widget\dist\out-tsc\e2e\app.e2e-spec.js
C:\sourceCode\acme-widget\dist\out-tsc\e2e\app.e2e-spec.js.map
C:\sourceCode\acme-widget\dist\out-tsc\src\app\app.component.js
C:\sourceCode\acme-widget\dist\out-tsc\src\app\app.component.js.map
C:\sourceCode\acme-widget\dist\out-tsc\src\app\authenticate-xhr.backend.js
C:\sourceCode\acme-widget\dist\out-tsc\src\app\authenticate-xhr.backend.js.map
C:\sourceCode\acme-widget\dist\out-tsc\src\app\shared\models\registration.js
C:\sourceCode\acme-widget\dist\out-tsc\src\app\shared\models\registration.js.map
C:\sourceCode\acme-widget\dist\out-tsc\src\app\shared\utils\setting.service.js
C:\sourceCode\acme-widget\dist\out-tsc\src\app\shared\utils\setting.service.js.map
C:\sourceCode\acme-widget\dist\out-tsc\src\app\shared\services\base.service.js
C:\sourceCode\acme-widget\dist\out-tsc\src\app\shared\services\base.service.js.map
C:\sourceCode\acme-widget\dist\out-tsc\src\app\shared\services\credentials.service.js
C:\sourceCode\acme-widget\dist\out-tsc\src\app\shared\services\credentials.service.js.map
C:\sourceCode\acme-widget\dist\out-tsc\src\app\nav-bar\nav-bar.component.js
C:\sourceCode\acme-widget\dist\out-tsc\src\app\nav-bar\nav-bar.component.js.map
C:\sourceCode\acme-widget\dist\out-tsc\src\app\security\registrate\registrate.component.js
C:\sourceCode\acme-widget\dist\out-tsc\src\app\security\registrate\registrate.component.js.map
C:\sourceCode\acme-widget\dist\out-tsc\src\app\security\directives\email-validator.directive.js
C:\sourceCode\acme-widget\dist\out-tsc\src\app\security\directives\email-validator.directive.js.map
C:\sourceCode\acme-widget\dist\out-tsc\src\app\security\directives\focus.directive.js
C:\sourceCode\acme-widget\dist\out-tsc\src\app\security\directives\focus.directive.js.map
C:\sourceCode\acme-widget\dist\out-tsc\src\app\shared\models\credentials.js
C:\sourceCode\acme-widget\dist\out-tsc\src\app\shared\models\credentials.js.map
C:\sourceCode\acme-widget\dist\out-tsc\src\app\security\login\login.component.js
C:\sourceCode\acme-widget\dist\out-tsc\src\app\security\login\login.component.js.map
C:\sourceCode\acme-widget\dist\out-tsc\src\app\shared\models\signedusers.js
C:\sourceCode\acme-widget\dist\out-tsc\src\app\shared\models\signedusers.js.map
C:\sourceCode\acme-widget\dist\out-tsc\src\app\shared\services\subscribe.service.js
C:\sourceCode\acme-widget\dist\out-tsc\src\app\shared\services\subscribe.service.js.map
C:\sourceCode\acme-widget\dist\out-tsc\src\app\shared\shared.module.js
C:\sourceCode\acme-widget\dist\out-tsc\src\app\shared\shared.module.js.map
C:\sourceCode\acme-widget\dist\out-tsc\src\app\security\security.module.js
C:\sourceCode\acme-widget\dist\out-tsc\src\app\security\security.module.js.map
C:\sourceCode\acme-widget\dist\out-tsc\src\app\auth.guard.js
C:\sourceCode\acme-widget\dist\out-tsc\src\app\auth.guard.js.map
C:\sourceCode\acme-widget\dist\out-tsc\src\app\subscribe\subscription\subscription.component.js
C:\sourceCode\acme-widget\dist\out-tsc\src\app\subscribe\subscription\subscription.component.js.map
C:\sourceCode\acme-widget\dist\out-tsc\src\app\subscribe\subscribe.module.js
C:\sourceCode\acme-widget\dist\out-tsc\src\app\subscribe\subscribe.module.js.map
C:\sourceCode\acme-widget\dist\out-tsc\src\app\app.module.js
C:\sourceCode\acme-widget\dist\out-tsc\src\app\app.module.js.map
C:\sourceCode\acme-widget\dist\out-tsc\src\environments\environment.js
C:\sourceCode\acme-widget\dist\out-tsc\src\environments\environment.js.map
C:\sourceCode\acme-widget\dist\out-tsc\src\main.js
C:\sourceCode\acme-widget\dist\out-tsc\src\main.js.map
C:\sourceCode\acme-widget\dist\out-tsc\src\polyfills.js
C:\sourceCode\acme-widget\dist\out-tsc\src\polyfills.js.map
C:\sourceCode\acme-widget\dist\out-tsc\src\test.js
C:\sourceCode\acme-widget\dist\out-tsc\src\test.js.map
C:\sourceCode\acme-widget\dist\out-tsc\src\environments\environment.prod.js
C:\sourceCode\acme-widget\dist\out-tsc\src\environments\environment.prod.js.map
C:\sourceCode\acme-widget\dist\out-tsc\src\app\app.component.spec.js
C:\sourceCode\acme-widget\dist\out-tsc\src\app\app.component.spec.js.map
C:\sourceCode\acme-widget\dist\out-tsc\src\app\subscribe\subscription\subscription.component.spec.js
C:\sourceCode\acme-widget\dist\out-tsc\src\app\subscribe\subscription\subscription.component.spec.js.map
C:\sourceCode\acme-widget\dist\out-tsc\src\app\shared\utils\setting.service.spec.js
C:\sourceCode\acme-widget\dist\out-tsc\src\app\shared\utils\setting.service.spec.js.map
C:\sourceCode\acme-widget\dist\out-tsc\src\app\shared\services\base.service.spec.js
C:\sourceCode\acme-widget\dist\out-tsc\src\app\shared\services\base.service.spec.js.map
C:\sourceCode\acme-widget\dist\out-tsc\src\app\shared\services\credentials.service.spec.js
C:\sourceCode\acme-widget\dist\out-tsc\src\app\shared\services\credentials.service.spec.js.map
C:\sourceCode\acme-widget\dist\out-tsc\src\app\shared\services\subscribe.service.spec.js
C:\sourceCode\acme-widget\dist\out-tsc\src\app\shared\services\subscribe.service.spec.js.map
C:\sourceCode\acme-widget\dist\out-tsc\src\app\security\registrate\registrate.component.spec.js
C:\sourceCode\acme-widget\dist\out-tsc\src\app\security\registrate\registrate.component.spec.js.map
C:\sourceCode\acme-widget\dist\out-tsc\src\app\security\login\login.component.spec.js
C:\sourceCode\acme-widget\dist\out-tsc\src\app\security\login\login.component.spec.js.map
C:\sourceCode\acme-widget\dist\out-tsc\src\app\security\directives\email-validator.directive.spec.js
C:\sourceCode\acme-widget\dist\out-tsc\src\app\security\directives\email-validator.directive.spec.js.map
C:\sourceCode\acme-widget\dist\out-tsc\src\app\security\directives\focus.directive.spec.js
C:\sourceCode\acme-widget\dist\out-tsc\src\app\security\directives\focus.directive.spec.js.map
C:\sourceCode\acme-widget\dist\out-tsc\src\app\nav-bar\nav-bar.component.spec.js
C:\sourceCode\acme-widget\dist\out-tsc\src\app\nav-bar\nav-bar.component.spec.js.map
C:\sourceCode\acme-widget\dist\out-tsc\e2e\app.po.js
C:\sourceCode\acme-widget\dist\out-tsc\e2e\app.po.js.map
C:\sourceCode\acme-widget\dist\out-tsc\e2e\app.e2e-spec.js
C:\sourceCode\acme-widget\dist\out-tsc\e2e\app.e2e-spec.js.map
C:\sourceCode\acme-widget\dist\out-tsc\src\app\app.component.js
C:\sourceCode\acme-widget\dist\out-tsc\src\app\app.component.js.map
C:\sourceCode\acme-widget\dist\out-tsc\src\app\authenticate-xhr.backend.js
C:\sourceCode\acme-widget\dist\out-tsc\src\app\authenticate-xhr.backend.js.map
C:\sourceCode\acme-widget\dist\out-tsc\src\app\shared\models\registration.js
C:\sourceCode\acme-widget\dist\out-tsc\src\app\shared\models\registration.js.map
C:\sourceCode\acme-widget\dist\out-tsc\src\app\shared\utils\setting.service.js
C:\sourceCode\acme-widget\dist\out-tsc\src\app\shared\utils\setting.service.js.map
C:\sourceCode\acme-widget\dist\out-tsc\src\app\shared\services\base.service.js
C:\sourceCode\acme-widget\dist\out-tsc\src\app\shared\services\base.service.js.map
C:\sourceCode\acme-widget\dist\out-tsc\src\app\shared\services\credentials.service.js
C:\sourceCode\acme-widget\dist\out-tsc\src\app\shared\services\credentials.service.js.map
C:\sourceCode\acme-widget\dist\out-tsc\src\app\nav-bar\nav-bar.component.js
C:\sourceCode\acme-widget\dist\out-tsc\src\app\nav-bar\nav-bar.component.js.map
C:\sourceCode\acme-widget\dist\out-tsc\src\app\security\registrate\registrate.component.js
C:\sourceCode\acme-widget\dist\out-tsc\src\app\security\registrate\registrate.component.js.map
C:\sourceCode\acme-widget\dist\out-tsc\src\app\security\directives\email-validator.directive.js
C:\sourceCode\acme-widget\dist\out-tsc\src\app\security\directives\email-validator.directive.js.map
C:\sourceCode\acme-widget\dist\out-tsc\src\app\security\directives\focus.directive.js
C:\sourceCode\acme-widget\dist\out-tsc\src\app\security\directives\focus.directive.js.map
C:\sourceCode\acme-widget\dist\out-tsc\src\app\shared\models\credentials.js
C:\sourceCode\acme-widget\dist\out-tsc\src\app\shared\models\credentials.js.map
C:\sourceCode\acme-widget\dist\out-tsc\src\app\security\login\login.component.js
C:\sourceCode\acme-widget\dist\out-tsc\src\app\security\login\login.component.js.map
C:\sourceCode\acme-widget\dist\out-tsc\src\app\shared\models\signedusers.js
C:\sourceCode\acme-widget\dist\out-tsc\src\app\shared\models\signedusers.js.map
C:\sourceCode\acme-widget\dist\out-tsc\src\app\shared\services\subscribe.service.js
C:\sourceCode\acme-widget\dist\out-tsc\src\app\shared\services\subscribe.service.js.map
C:\sourceCode\acme-widget\dist\out-tsc\src\app\shared\shared.module.js
C:\sourceCode\acme-widget\dist\out-tsc\src\app\shared\shared.module.js.map
C:\sourceCode\acme-widget\dist\out-tsc\src\app\security\security.module.js
C:\sourceCode\acme-widget\dist\out-tsc\src\app\security\security.module.js.map
C:\sourceCode\acme-widget\dist\out-tsc\src\app\auth.guard.js
C:\sourceCode\acme-widget\dist\out-tsc\src\app\auth.guard.js.map
C:\sourceCode\acme-widget\dist\out-tsc\src\app\subscribe\subscription\subscription.component.js
C:\sourceCode\acme-widget\dist\out-tsc\src\app\subscribe\subscription\subscription.component.js.map
C:\sourceCode\acme-widget\dist\out-tsc\src\app\subscribe\subscribe.module.js
C:\sourceCode\acme-widget\dist\out-tsc\src\app\subscribe\subscribe.module.js.map
C:\sourceCode\acme-widget\dist\out-tsc\src\app\app.module.js
C:\sourceCode\acme-widget\dist\out-tsc\src\app\app.module.js.map
C:\sourceCode\acme-widget\dist\out-tsc\src\environments\environment.js
C:\sourceCode\acme-widget\dist\out-tsc\src\environments\environment.js.map
C:\sourceCode\acme-widget\dist\out-tsc\src\main.js
C:\sourceCode\acme-widget\dist\out-tsc\src\main.js.map
C:\sourceCode\acme-widget\dist\out-tsc\src\polyfills.js
C:\sourceCode\acme-widget\dist\out-tsc\src\polyfills.js.map
C:\sourceCode\acme-widget\dist\out-tsc\src\test.js
C:\sourceCode\acme-widget\dist\out-tsc\src\test.js.map
C:\sourceCode\acme-widget\dist\out-tsc\src\environments\environment.prod.js
C:\sourceCode\acme-widget\dist\out-tsc\src\environments\environment.prod.js.map
C:\sourceCode\acme-widget\dist\out-tsc\src\app\app.component.spec.js
C:\sourceCode\acme-widget\dist\out-tsc\src\app\app.component.spec.js.map
C:\sourceCode\acme-widget\dist\out-tsc\src\app\subscribe\subscription\subscription.component.spec.js
C:\sourceCode\acme-widget\dist\out-tsc\src\app\subscribe\subscription\subscription.component.spec.js.map
C:\sourceCode\acme-widget\dist\out-tsc\src\app\shared\utils\setting.service.spec.js
C:\sourceCode\acme-widget\dist\out-tsc\src\app\shared\utils\setting.service.spec.js.map
C:\sourceCode\acme-widget\dist\out-tsc\src\app\shared\services\base.service.spec.js
C:\sourceCode\acme-widget\dist\out-tsc\src\app\shared\services\base.service.spec.js.map
C:\sourceCode\acme-widget\dist\out-tsc\src\app\shared\services\credentials.service.spec.js
C:\sourceCode\acme-widget\dist\out-tsc\src\app\shared\services\credentials.service.spec.js.map
C:\sourceCode\acme-widget\dist\out-tsc\src\app\shared\services\subscribe.service.spec.js
C:\sourceCode\acme-widget\dist\out-tsc\src\app\shared\services\subscribe.service.spec.js.map
C:\sourceCode\acme-widget\dist\out-tsc\src\app\security\registrate\registrate.component.spec.js
C:\sourceCode\acme-widget\dist\out-tsc\src\app\security\registrate\registrate.component.spec.js.map
C:\sourceCode\acme-widget\dist\out-tsc\src\app\security\login\login.component.spec.js
C:\sourceCode\acme-widget\dist\out-tsc\src\app\security\login\login.component.spec.js.map
C:\sourceCode\acme-widget\dist\out-tsc\src\app\security\directives\email-validator.directive.spec.js
C:\sourceCode\acme-widget\dist\out-tsc\src\app\security\directives\email-validator.directive.spec.js.map
C:\sourceCode\acme-widget\dist\out-tsc\src\app\security\directives\focus.directive.spec.js
C:\sourceCode\acme-widget\dist\out-tsc\src\app\security\directives\focus.directive.spec.js.map
C:\sourceCode\acme-widget\dist\out-tsc\src\app\nav-bar\nav-bar.component.spec.js
C:\sourceCode\acme-widget\dist\out-tsc\src\app\nav-bar\nav-bar.component.spec.js.map
C:\sourceCode\acme-widget\dist\out-tsc\e2e\app.po.js
C:\sourceCode\acme-widget\dist\out-tsc\e2e\app.po.js.map
C:\sourceCode\acme-widget\dist\out-tsc\e2e\app.e2e-spec.js
C:\sourceCode\acme-widget\dist\out-tsc\e2e\app.e2e-spec.js.map
C:\sourceCode\acme-widget\dist\out-tsc\src\app\app.component.js
C:\sourceCode\acme-widget\dist\out-tsc\src\app\app.component.js.map
C:\sourceCode\acme-widget\dist\out-tsc\src\app\authenticate-xhr.backend.js
C:\sourceCode\acme-widget\dist\out-tsc\src\app\authenticate-xhr.backend.js.map
C:\sourceCode\acme-widget\dist\out-tsc\src\app\shared\models\registration.js
C:\sourceCode\acme-widget\dist\out-tsc\src\app\shared\models\registration.js.map
C:\sourceCode\acme-widget\dist\out-tsc\src\app\shared\utils\setting.service.js
C:\sourceCode\acme-widget\dist\out-tsc\src\app\shared\utils\setting.service.js.map
C:\sourceCode\acme-widget\dist\out-tsc\src\app\shared\services\base.service.js
C:\sourceCode\acme-widget\dist\out-tsc\src\app\shared\services\base.service.js.map
C:\sourceCode\acme-widget\dist\out-tsc\src\app\shared\services\credentials.service.js
C:\sourceCode\acme-widget\dist\out-tsc\src\app\shared\services\credentials.service.js.map
C:\sourceCode\acme-widget\dist\out-tsc\src\app\nav-bar\nav-bar.component.js
C:\sourceCode\acme-widget\dist\out-tsc\src\app\nav-bar\nav-bar.component.js.map
C:\sourceCode\acme-widget\dist\out-tsc\src\app\security\registrate\registrate.component.js
C:\sourceCode\acme-widget\dist\out-tsc\src\app\security\registrate\registrate.component.js.map
C:\sourceCode\acme-widget\dist\out-tsc\src\app\security\directives\email-validator.directive.js
C:\sourceCode\acme-widget\dist\out-tsc\src\app\security\directives\email-validator.directive.js.map
C:\sourceCode\acme-widget\dist\out-tsc\src\app\security\directives\focus.directive.js
C:\sourceCode\acme-widget\dist\out-tsc\src\app\security\directives\focus.directive.js.map
C:\sourceCode\acme-widget\dist\out-tsc\src\app\shared\models\credentials.js
C:\sourceCode\acme-widget\dist\out-tsc\src\app\shared\models\credentials.js.map
C:\sourceCode\acme-widget\dist\out-tsc\src\app\security\login\login.component.js
C:\sourceCode\acme-widget\dist\out-tsc\src\app\security\login\login.component.js.map
C:\sourceCode\acme-widget\dist\out-tsc\src\app\shared\models\signedusers.js
C:\sourceCode\acme-widget\dist\out-tsc\src\app\shared\models\signedusers.js.map
C:\sourceCode\acme-widget\dist\out-tsc\src\app\shared\services\subscribe.service.js
C:\sourceCode\acme-widget\dist\out-tsc\src\app\shared\services\subscribe.service.js.map
C:\sourceCode\acme-widget\dist\out-tsc\src\app\shared\shared.module.js
C:\sourceCode\acme-widget\dist\out-tsc\src\app\shared\shared.module.js.map
C:\sourceCode\acme-widget\dist\out-tsc\src\app\security\security.module.js
C:\sourceCode\acme-widget\dist\out-tsc\src\app\security\security.module.js.map
C:\sourceCode\acme-widget\dist\out-tsc\src\app\auth.guard.js
C:\sourceCode\acme-widget\dist\out-tsc\src\app\auth.guard.js.map
C:\sourceCode\acme-widget\dist\out-tsc\src\app\subscribe\subscription\subscription.component.js
C:\sourceCode\acme-widget\dist\out-tsc\src\app\subscribe\subscription\subscription.component.js.map
C:\sourceCode\acme-widget\dist\out-tsc\src\app\subscribe\subscribe.module.js
C:\sourceCode\acme-widget\dist\out-tsc\src\app\subscribe\subscribe.module.js.map
C:\sourceCode\acme-widget\dist\out-tsc\src\app\app.module.js
C:\sourceCode\acme-widget\dist\out-tsc\src\app\app.module.js.map
C:\sourceCode\acme-widget\dist\out-tsc\src\environments\environment.js
C:\sourceCode\acme-widget\dist\out-tsc\src\environments\environment.js.map
C:\sourceCode\acme-widget\dist\out-tsc\src\main.js
C:\sourceCode\acme-widget\dist\out-tsc\src\main.js.map
C:\sourceCode\acme-widget\dist\out-tsc\src\polyfills.js
C:\sourceCode\acme-widget\dist\out-tsc\src\polyfills.js.map
C:\sourceCode\acme-widget\dist\out-tsc\src\test.js
C:\sourceCode\acme-widget\dist\out-tsc\src\test.js.map
C:\sourceCode\acme-widget\dist\out-tsc\src\environments\environment.prod.js
C:\sourceCode\acme-widget\dist\out-tsc\src\environments\environment.prod.js.map
C:\sourceCode\acme-widget\dist\out-tsc\src\app\app.component.spec.js
C:\sourceCode\acme-widget\dist\out-tsc\src\app\app.component.spec.js.map
C:\sourceCode\acme-widget\dist\out-tsc\src\app\subscribe\subscription\subscription.component.spec.js
C:\sourceCode\acme-widget\dist\out-tsc\src\app\subscribe\subscription\subscription.component.spec.js.map
C:\sourceCode\acme-widget\dist\out-tsc\src\app\shared\utils\setting.service.spec.js
C:\sourceCode\acme-widget\dist\out-tsc\src\app\shared\utils\setting.service.spec.js.map
C:\sourceCode\acme-widget\dist\out-tsc\src\app\shared\services\base.service.spec.js
C:\sourceCode\acme-widget\dist\out-tsc\src\app\shared\services\base.service.spec.js.map
C:\sourceCode\acme-widget\dist\out-tsc\src\app\shared\services\credentials.service.spec.js
C:\sourceCode\acme-widget\dist\out-tsc\src\app\shared\services\credentials.service.spec.js.map
C:\sourceCode\acme-widget\dist\out-tsc\src\app\shared\services\subscribe.service.spec.js
C:\sourceCode\acme-widget\dist\out-tsc\src\app\shared\services\subscribe.service.spec.js.map
C:\sourceCode\acme-widget\dist\out-tsc\src\app\security\registrate\registrate.component.spec.js
C:\sourceCode\acme-widget\dist\out-tsc\src\app\security\registrate\registrate.component.spec.js.map
C:\sourceCode\acme-widget\dist\out-tsc\src\app\security\login\login.component.spec.js
C:\sourceCode\acme-widget\dist\out-tsc\src\app\security\login\login.component.spec.js.map
C:\sourceCode\acme-widget\dist\out-tsc\src\app\security\directives\email-validator.directive.spec.js
C:\sourceCode\acme-widget\dist\out-tsc\src\app\security\directives\email-validator.directive.spec.js.map
C:\sourceCode\acme-widget\dist\out-tsc\src\app\security\directives\focus.directive.spec.js
C:\sourceCode\acme-widget\dist\out-tsc\src\app\security\directives\focus.directive.spec.js.map
C:\sourceCode\acme-widget\dist\out-tsc\src\app\nav-bar\nav-bar.component.spec.js
C:\sourceCode\acme-widget\dist\out-tsc\src\app\nav-bar\nav-bar.component.spec.js.map
C:\sourceCode\acme-widget\dist\out-tsc\e2e\app.po.js
C:\sourceCode\acme-widget\dist\out-tsc\e2e\app.po.js.map
C:\sourceCode\acme-widget\dist\out-tsc\e2e\app.e2e-spec.js
C:\sourceCode\acme-widget\dist\out-tsc\e2e\app.e2e-spec.js.map
C:\sourceCode\acme-widget\dist\out-tsc\src\app\app.component.js
C:\sourceCode\acme-widget\dist\out-tsc\src\app\app.component.js.map
C:\sourceCode\acme-widget\dist\out-tsc\src\app\authenticate-xhr.backend.js
C:\sourceCode\acme-widget\dist\out-tsc\src\app\authenticate-xhr.backend.js.map
C:\sourceCode\acme-widget\dist\out-tsc\src\app\shared\models\registration.js
C:\sourceCode\acme-widget\dist\out-tsc\src\app\shared\models\registration.js.map
C:\sourceCode\acme-widget\dist\out-tsc\src\app\shared\utils\setting.service.js
C:\sourceCode\acme-widget\dist\out-tsc\src\app\shared\utils\setting.service.js.map
C:\sourceCode\acme-widget\dist\out-tsc\src\app\shared\services\base.service.js
C:\sourceCode\acme-widget\dist\out-tsc\src\app\shared\services\base.service.js.map
C:\sourceCode\acme-widget\dist\out-tsc\src\app\shared\services\credentials.service.js
C:\sourceCode\acme-widget\dist\out-tsc\src\app\shared\services\credentials.service.js.map
C:\sourceCode\acme-widget\dist\out-tsc\src\app\nav-bar\nav-bar.component.js
C:\sourceCode\acme-widget\dist\out-tsc\src\app\nav-bar\nav-bar.component.js.map
C:\sourceCode\acme-widget\dist\out-tsc\src\app\security\registrate\registrate.component.js
C:\sourceCode\acme-widget\dist\out-tsc\src\app\security\registrate\registrate.component.js.map
C:\sourceCode\acme-widget\dist\out-tsc\src\app\security\directives\email-validator.directive.js
C:\sourceCode\acme-widget\dist\out-tsc\src\app\security\directives\email-validator.directive.js.map
C:\sourceCode\acme-widget\dist\out-tsc\src\app\security\directives\focus.directive.js
C:\sourceCode\acme-widget\dist\out-tsc\src\app\security\directives\focus.directive.js.map
C:\sourceCode\acme-widget\dist\out-tsc\src\app\shared\models\credentials.js
C:\sourceCode\acme-widget\dist\out-tsc\src\app\shared\models\credentials.js.map
C:\sourceCode\acme-widget\dist\out-tsc\src\app\security\login\login.component.js
C:\sourceCode\acme-widget\dist\out-tsc\src\app\security\login\login.component.js.map
C:\sourceCode\acme-widget\dist\out-tsc\src\app\shared\models\signedusers.js
C:\sourceCode\acme-widget\dist\out-tsc\src\app\shared\models\signedusers.js.map
C:\sourceCode\acme-widget\dist\out-tsc\src\app\shared\services\subscribe.service.js
C:\sourceCode\acme-widget\dist\out-tsc\src\app\shared\services\subscribe.service.js.map
C:\sourceCode\acme-widget\dist\out-tsc\src\app\shared\shared.module.js
C:\sourceCode\acme-widget\dist\out-tsc\src\app\shared\shared.module.js.map
C:\sourceCode\acme-widget\dist\out-tsc\src\app\security\security.module.js
C:\sourceCode\acme-widget\dist\out-tsc\src\app\security\security.module.js.map
C:\sourceCode\acme-widget\dist\out-tsc\src\app\auth.guard.js
C:\sourceCode\acme-widget\dist\out-tsc\src\app\auth.guard.js.map
C:\sourceCode\acme-widget\dist\out-tsc\src\app\subscribe\subscription\subscription.component.js
C:\sourceCode\acme-widget\dist\out-tsc\src\app\subscribe\subscription\subscription.component.js.map
C:\sourceCode\acme-widget\dist\out-tsc\src\app\subscribe\subscribe.module.js
C:\sourceCode\acme-widget\dist\out-tsc\src\app\subscribe\subscribe.module.js.map
C:\sourceCode\acme-widget\dist\out-tsc\src\app\app.module.js
C:\sourceCode\acme-widget\dist\out-tsc\src\app\app.module.js.map
C:\sourceCode\acme-widget\dist\out-tsc\src\environments\environment.js
C:\sourceCode\acme-widget\dist\out-tsc\src\environments\environment.js.map
C:\sourceCode\acme-widget\dist\out-tsc\src\main.js
C:\sourceCode\acme-widget\dist\out-tsc\src\main.js.map
C:\sourceCode\acme-widget\dist\out-tsc\src\polyfills.js
C:\sourceCode\acme-widget\dist\out-tsc\src\polyfills.js.map
C:\sourceCode\acme-widget\dist\out-tsc\src\test.js
C:\sourceCode\acme-widget\dist\out-tsc\src\test.js.map
C:\sourceCode\acme-widget\dist\out-tsc\src\environments\environment.prod.js
C:\sourceCode\acme-widget\dist\out-tsc\src\environments\environment.prod.js.map
C:\sourceCode\acme-widget\dist\out-tsc\src\app\app.component.spec.js
C:\sourceCode\acme-widget\dist\out-tsc\src\app\app.component.spec.js.map
C:\sourceCode\acme-widget\dist\out-tsc\src\app\subscribe\subscription\subscription.component.spec.js
C:\sourceCode\acme-widget\dist\out-tsc\src\app\subscribe\subscription\subscription.component.spec.js.map
C:\sourceCode\acme-widget\dist\out-tsc\src\app\shared\utils\setting.service.spec.js
C:\sourceCode\acme-widget\dist\out-tsc\src\app\shared\utils\setting.service.spec.js.map
C:\sourceCode\acme-widget\dist\out-tsc\src\app\shared\services\base.service.spec.js
C:\sourceCode\acme-widget\dist\out-tsc\src\app\shared\services\base.service.spec.js.map
C:\sourceCode\acme-widget\dist\out-tsc\src\app\shared\services\credentials.service.spec.js
C:\sourceCode\acme-widget\dist\out-tsc\src\app\shared\services\credentials.service.spec.js.map
C:\sourceCode\acme-widget\dist\out-tsc\src\app\shared\services\subscribe.service.spec.js
C:\sourceCode\acme-widget\dist\out-tsc\src\app\shared\services\subscribe.service.spec.js.map
C:\sourceCode\acme-widget\dist\out-tsc\src\app\security\registrate\registrate.component.spec.js
C:\sourceCode\acme-widget\dist\out-tsc\src\app\security\registrate\registrate.component.spec.js.map
C:\sourceCode\acme-widget\dist\out-tsc\src\app\security\login\login.component.spec.js
C:\sourceCode\acme-widget\dist\out-tsc\src\app\security\login\login.component.spec.js.map
C:\sourceCode\acme-widget\dist\out-tsc\src\app\security\directives\email-validator.directive.spec.js
C:\sourceCode\acme-widget\dist\out-tsc\src\app\security\directives\email-validator.directive.spec.js.map
C:\sourceCode\acme-widget\dist\out-tsc\src\app\security\directives\focus.directive.spec.js
C:\sourceCode\acme-widget\dist\out-tsc\src\app\security\directives\focus.directive.spec.js.map
C:\sourceCode\acme-widget\dist\out-tsc\src\app\nav-bar\nav-bar.component.spec.js
C:\sourceCode\acme-widget\dist\out-tsc\src\app\nav-bar\nav-bar.component.spec.js.map
C:\sourceCode\acme-widget\dist\out-tsc\e2e\app.po.js
C:\sourceCode\acme-widget\dist\out-tsc\e2e\app.po.js.map
C:\sourceCode\acme-widget\dist\out-tsc\e2e\app.e2e-spec.js
C:\sourceCode\acme-widget\dist\out-tsc\e2e\app.e2e-spec.js.map
